[debug] [2021-03-06T18:24:26.789Z] ----------------------------------------------------------------------
[debug] [2021-03-06T18:24:26.791Z] Command:       C:\Program Files\nodejs\node.exe C:\Users\Alex\AppData\Roaming\npm\node_modules\firebase-tools\lib\bin\firebase.js deploy
[debug] [2021-03-06T18:24:26.791Z] CLI Version:   9.3.0
[debug] [2021-03-06T18:24:26.791Z] Platform:      win32
[debug] [2021-03-06T18:24:26.791Z] Node Version:  v14.15.1
[debug] [2021-03-06T18:24:26.793Z] Time:          Sat Mar 06 2021 13:24:26 GMT-0500 (Eastern Standard Time)
[debug] [2021-03-06T18:24:26.793Z] ----------------------------------------------------------------------
[debug] [2021-03-06T18:24:26.793Z] 
[debug] [2021-03-06T18:24:26.801Z] > command requires scopes: ["email","openid","https://www.googleapis.com/auth/cloudplatformprojects.readonly","https://www.googleapis.com/auth/firebase","https://www.googleapis.com/auth/cloud-platform"]
[debug] [2021-03-06T18:24:26.802Z] > authorizing via signed-in user
[debug] [2021-03-06T18:24:26.802Z] [iam] checking project read50 for permissions ["cloudfunctions.functions.create","cloudfunctions.functions.delete","cloudfunctions.functions.get","cloudfunctions.functions.list","cloudfunctions.functions.update","cloudfunctions.operations.get","firebase.projects.get","firebasehosting.sites.update"]
[debug] [2021-03-06T18:24:26.804Z] >>> HTTP REQUEST POST https://cloudresourcemanager.googleapis.com/v1/projects/read50:testIamPermissions  
 {"permissions":["cloudfunctions.functions.create","cloudfunctions.functions.delete","cloudfunctions.functions.get","cloudfunctions.functions.list","cloudfunctions.functions.update","cloudfunctions.operations.get","firebase.projects.get","firebasehosting.sites.update"]}
[debug] [2021-03-06T18:24:28.075Z] <<< HTTP RESPONSE 200 {"content-type":"application/json; charset=UTF-8","vary":"X-Origin, Referer, Origin,Accept-Encoding","date":"Sat, 06 Mar 2021 18:24:26 GMT","server":"ESF","cache-control":"private","x-xss-protection":"0","x-frame-options":"SAMEORIGIN","x-content-type-options":"nosniff","server-timing":"gfet4t7; dur=53","alt-svc":"h3-29=\":443\"; ma=2592000,h3-T051=\":443\"; ma=2592000,h3-Q050=\":443\"; ma=2592000,h3-Q046=\":443\"; ma=2592000,h3-Q043=\":443\"; ma=2592000,quic=\":443\"; ma=2592000; v=\"46,43\"","accept-ranges":"none","transfer-encoding":"chunked"}
[debug] [2021-03-06T18:24:28.076Z] >>> HTTP REQUEST POST https://iam.googleapis.com/v1/projects/read50/serviceAccounts/read50@appspot.gserviceaccount.com:testIamPermissions  
 {"permissions":["iam.serviceAccounts.actAs"]}
[debug] [2021-03-06T18:24:29.331Z] <<< HTTP RESPONSE 200 {"content-type":"application/json; charset=UTF-8","vary":"X-Origin, Referer, Origin,Accept-Encoding","date":"Sat, 06 Mar 2021 18:24:28 GMT","server":"ESF","cache-control":"private","x-xss-protection":"0","x-frame-options":"SAMEORIGIN","x-content-type-options":"nosniff","alt-svc":"h3-29=\":443\"; ma=2592000,h3-T051=\":443\"; ma=2592000,h3-Q050=\":443\"; ma=2592000,h3-Q046=\":443\"; ma=2592000,h3-Q043=\":443\"; ma=2592000,quic=\":443\"; ma=2592000; v=\"46,43\"","accept-ranges":"none","transfer-encoding":"chunked"}
[debug] [2021-03-06T18:24:29.332Z] > refreshing access token with scopes: []
[debug] [2021-03-06T18:24:29.332Z] >>> HTTP REQUEST POST https://www.googleapis.com/oauth2/v3/token  
 <request body omitted>
[debug] [2021-03-06T18:24:31.945Z] <<< HTTP RESPONSE 200 {"date":"Sat, 06 Mar 2021 18:24:31 GMT","cache-control":"no-cache, no-store, max-age=0, must-revalidate","pragma":"no-cache","expires":"Mon, 01 Jan 1990 00:00:00 GMT","content-type":"application/json; charset=utf-8","vary":"X-Origin, Referer, Origin,Accept-Encoding","server":"scaffolding on HTTPServer2","x-xss-protection":"0","x-frame-options":"SAMEORIGIN","x-content-type-options":"nosniff","alt-svc":"h3-29=\":443\"; ma=2592000,h3-T051=\":443\"; ma=2592000,h3-Q050=\":443\"; ma=2592000,h3-Q046=\":443\"; ma=2592000,h3-Q043=\":443\"; ma=2592000,quic=\":443\"; ma=2592000; v=\"46,43\"","accept-ranges":"none","transfer-encoding":"chunked"}
[debug] [2021-03-06T18:24:31.950Z] >>> [apiv2][query] GET https://firebase.googleapis.com/v1beta1/projects/read50 [none]
[debug] [2021-03-06T18:24:32.381Z] <<< [apiv2][status] GET https://firebase.googleapis.com/v1beta1/projects/read50 200
[debug] [2021-03-06T18:24:32.381Z] <<< [apiv2][body] GET https://firebase.googleapis.com/v1beta1/projects/read50 {"projectId":"read50","projectNumber":"436930574086","displayName":"read50","name":"projects/read50","resources":{"hostingSite":"read50"},"state":"ACTIVE"}
[warn] !  functions: package.json indicates an outdated version of firebase-functions.
Please upgrade using npm install --save firebase-functions@latest in your functions directory. 
[info] 
[info] === Deploying to 'read50'...
[info] 
[info] i  deploying functions, hosting 
[debug] [2021-03-06T18:24:36.139Z] > [functions] package.json contents: {
  "name": "functions",
  "description": "Cloud Functions for Firebase",
  "scripts": {
    "serve": "firebase emulators:start --only functions",
    "shell": "firebase functions:shell",
    "start": "npm run shell",
    "deploy": "firebase deploy --only functions",
    "logs": "firebase functions:log"
  },
  "engines": {
    "node": "12"
  },
  "main": "index.js",
  "dependencies": {
    "cors": "^2.8.5",
    "dotenv": "^8.2.0",
    "express": "^4.17.1",
    "firebase-admin": "^9.2.0",
    "firebase-functions": "^3.11.0",
    "node-postgres": "^0.6.2",
    "pg": "^8.5.1"
  },
  "devDependencies": {
    "firebase-functions-test": "^0.2.0"
  },
  "private": true
}
[info] i  functions: ensuring required API cloudfunctions.googleapis.com is enabled... 
[debug] [2021-03-06T18:24:37.524Z] > refreshing access token with scopes: ["email","https://www.googleapis.com/auth/cloud-platform","https://www.googleapis.com/auth/cloudplatformprojects.readonly","https://www.googleapis.com/auth/firebase","openid"]
[debug] [2021-03-06T18:24:37.524Z] >>> HTTP REQUEST POST https://www.googleapis.com/oauth2/v3/token  
 <request body omitted>
[debug] [2021-03-06T18:24:37.525Z] > refreshing access token with scopes: ["email","https://www.googleapis.com/auth/cloud-platform","https://www.googleapis.com/auth/cloudplatformprojects.readonly","https://www.googleapis.com/auth/firebase","openid"]
[debug] [2021-03-06T18:24:37.525Z] >>> HTTP REQUEST POST https://www.googleapis.com/oauth2/v3/token  
 <request body omitted>
[info] i  functions: ensuring required API cloudbuild.googleapis.com is enabled... 
[debug] [2021-03-06T18:24:37.526Z] > refreshing access token with scopes: ["email","https://www.googleapis.com/auth/cloud-platform","https://www.googleapis.com/auth/cloudplatformprojects.readonly","https://www.googleapis.com/auth/firebase","openid"]
[debug] [2021-03-06T18:24:37.526Z] >>> HTTP REQUEST POST https://www.googleapis.com/oauth2/v3/token  
 <request body omitted>
[debug] [2021-03-06T18:24:37.691Z] <<< HTTP RESPONSE 200 {"date":"Sat, 06 Mar 2021 18:24:36 GMT","cache-control":"no-cache, no-store, max-age=0, must-revalidate","expires":"Mon, 01 Jan 1990 00:00:00 GMT","pragma":"no-cache","content-type":"application/json; charset=utf-8","vary":"X-Origin, Referer, Origin,Accept-Encoding","server":"scaffolding on HTTPServer2","x-xss-protection":"0","x-frame-options":"SAMEORIGIN","x-content-type-options":"nosniff","alt-svc":"h3-29=\":443\"; ma=2592000,h3-T051=\":443\"; ma=2592000,h3-Q050=\":443\"; ma=2592000,h3-Q046=\":443\"; ma=2592000,h3-Q043=\":443\"; ma=2592000,quic=\":443\"; ma=2592000; v=\"46,43\"","accept-ranges":"none","transfer-encoding":"chunked"}
[debug] [2021-03-06T18:24:37.695Z] >>> HTTP REQUEST GET https://serviceusage.googleapis.com/v1/projects/read50/services/cloudfunctions.googleapis.com  
 
[debug] [2021-03-06T18:24:37.698Z] <<< HTTP RESPONSE 200 {"expires":"Mon, 01 Jan 1990 00:00:00 GMT","cache-control":"no-cache, no-store, max-age=0, must-revalidate","date":"Sat, 06 Mar 2021 18:24:36 GMT","pragma":"no-cache","content-type":"application/json; charset=utf-8","vary":"X-Origin, Referer, Origin,Accept-Encoding","server":"scaffolding on HTTPServer2","x-xss-protection":"0","x-frame-options":"SAMEORIGIN","x-content-type-options":"nosniff","alt-svc":"h3-29=\":443\"; ma=2592000,h3-T051=\":443\"; ma=2592000,h3-Q050=\":443\"; ma=2592000,h3-Q046=\":443\"; ma=2592000,h3-Q043=\":443\"; ma=2592000,quic=\":443\"; ma=2592000; v=\"46,43\"","accept-ranges":"none","transfer-encoding":"chunked"}
[debug] [2021-03-06T18:24:37.702Z] >>> HTTP REQUEST GET https://serviceusage.googleapis.com/v1/projects/read50/services/runtimeconfig.googleapis.com  
 
[debug] [2021-03-06T18:24:37.704Z] <<< HTTP RESPONSE 200 {"pragma":"no-cache","expires":"Mon, 01 Jan 1990 00:00:00 GMT","cache-control":"no-cache, no-store, max-age=0, must-revalidate","date":"Sat, 06 Mar 2021 18:24:36 GMT","content-type":"application/json; charset=utf-8","vary":"X-Origin, Referer, Origin,Accept-Encoding","server":"scaffolding on HTTPServer2","x-xss-protection":"0","x-frame-options":"SAMEORIGIN","x-content-type-options":"nosniff","alt-svc":"h3-29=\":443\"; ma=2592000,h3-T051=\":443\"; ma=2592000,h3-Q050=\":443\"; ma=2592000,h3-Q046=\":443\"; ma=2592000,h3-Q043=\":443\"; ma=2592000,quic=\":443\"; ma=2592000; v=\"46,43\"","accept-ranges":"none","transfer-encoding":"chunked"}
[debug] [2021-03-06T18:24:37.707Z] >>> HTTP REQUEST GET https://serviceusage.googleapis.com/v1/projects/read50/services/cloudbuild.googleapis.com  
 
[debug] [2021-03-06T18:24:38.246Z] <<< HTTP RESPONSE 200 {"content-type":"application/json; charset=UTF-8","vary":"X-Origin, Referer, Origin,Accept-Encoding","date":"Sat, 06 Mar 2021 18:24:37 GMT","server":"ESF","cache-control":"private","x-xss-protection":"0","x-frame-options":"SAMEORIGIN","x-content-type-options":"nosniff","alt-svc":"h3-29=\":443\"; ma=2592000,h3-T051=\":443\"; ma=2592000,h3-Q050=\":443\"; ma=2592000,h3-Q046=\":443\"; ma=2592000,h3-Q043=\":443\"; ma=2592000,quic=\":443\"; ma=2592000; v=\"46,43\"","accept-ranges":"none","transfer-encoding":"chunked"}
[debug] [2021-03-06T18:24:38.308Z] <<< HTTP RESPONSE 200 {"content-type":"application/json; charset=UTF-8","vary":"X-Origin, Referer, Origin,Accept-Encoding","date":"Sat, 06 Mar 2021 18:24:37 GMT","server":"ESF","cache-control":"private","x-xss-protection":"0","x-frame-options":"SAMEORIGIN","x-content-type-options":"nosniff","alt-svc":"h3-29=\":443\"; ma=2592000,h3-T051=\":443\"; ma=2592000,h3-Q050=\":443\"; ma=2592000,h3-Q046=\":443\"; ma=2592000,h3-Q043=\":443\"; ma=2592000,quic=\":443\"; ma=2592000; v=\"46,43\"","accept-ranges":"none","transfer-encoding":"chunked"}
[info] +  functions: required API cloudbuild.googleapis.com is enabled 
[debug] [2021-03-06T18:24:38.325Z] <<< HTTP RESPONSE 200 {"content-type":"application/json; charset=UTF-8","vary":"X-Origin, Referer, Origin,Accept-Encoding","date":"Sat, 06 Mar 2021 18:24:37 GMT","server":"ESF","cache-control":"private","x-xss-protection":"0","x-frame-options":"SAMEORIGIN","x-content-type-options":"nosniff","alt-svc":"h3-29=\":443\"; ma=2592000,h3-T051=\":443\"; ma=2592000,h3-Q050=\":443\"; ma=2592000,h3-Q046=\":443\"; ma=2592000,h3-Q043=\":443\"; ma=2592000,quic=\":443\"; ma=2592000; v=\"46,43\"","accept-ranges":"none","transfer-encoding":"chunked"}
[info] +  functions: required API cloudfunctions.googleapis.com is enabled 
[debug] [2021-03-06T18:24:38.326Z] >>> HTTP REQUEST GET https://firebase.googleapis.com/v1beta1/projects/read50/adminSdkConfig  
 
[debug] [2021-03-06T18:24:39.262Z] <<< HTTP RESPONSE 200 {"content-type":"application/json; charset=UTF-8","vary":"X-Origin, Referer, Origin,Accept-Encoding","date":"Sat, 06 Mar 2021 18:24:38 GMT","server":"ESF","cache-control":"private","x-xss-protection":"0","x-frame-options":"SAMEORIGIN","x-content-type-options":"nosniff","alt-svc":"h3-29=\":443\"; ma=2592000,h3-T051=\":443\"; ma=2592000,h3-Q050=\":443\"; ma=2592000,h3-Q046=\":443\"; ma=2592000,h3-Q043=\":443\"; ma=2592000,quic=\":443\"; ma=2592000; v=\"46,43\"","accept-ranges":"none","transfer-encoding":"chunked"}
[debug] [2021-03-06T18:24:39.264Z] >>> HTTP REQUEST POST https://firebasehosting.googleapis.com/v1beta1/sites/read50/versions  
 {"config":{"rewrites":[{"glob":"**","function":"app"}]},"labels":{"deployment-tool":"cli-firebase"}}
[debug] [2021-03-06T18:24:40.880Z] <<< HTTP RESPONSE 200 {"content-type":"application/json; charset=UTF-8","vary":"X-Origin, Referer, Origin,Accept-Encoding","date":"Sat, 06 Mar 2021 18:24:39 GMT","server":"ESF","cache-control":"private","x-xss-protection":"0","x-frame-options":"SAMEORIGIN","x-content-type-options":"nosniff","alt-svc":"h3-29=\":443\"; ma=2592000,h3-T051=\":443\"; ma=2592000,h3-Q050=\":443\"; ma=2592000,h3-Q046=\":443\"; ma=2592000,h3-Q043=\":443\"; ma=2592000,quic=\":443\"; ma=2592000; v=\"46,43\"","accept-ranges":"none","transfer-encoding":"chunked"}
[info] i  functions: preparing functions directory for uploading... 
[debug] [2021-03-06T18:24:40.881Z] >>> HTTP REQUEST GET https://runtimeconfig.googleapis.com/v1beta1/projects/read50/configs  
 
[debug] [2021-03-06T18:24:41.640Z] <<< HTTP RESPONSE 200 {"content-type":"application/json; charset=UTF-8","vary":"X-Origin, Referer, Origin,Accept-Encoding","date":"Sat, 06 Mar 2021 18:24:40 GMT","server":"ESF","cache-control":"private","x-xss-protection":"0","x-frame-options":"SAMEORIGIN","x-content-type-options":"nosniff","alt-svc":"h3-29=\":443\"; ma=2592000,h3-T051=\":443\"; ma=2592000,h3-Q050=\":443\"; ma=2592000,h3-Q046=\":443\"; ma=2592000,h3-Q043=\":443\"; ma=2592000,quic=\":443\"; ma=2592000; v=\"46,43\"","accept-ranges":"none","transfer-encoding":"chunked"}
[info] i  functions: packaged functions (29.45 KB) for uploading 
[debug] [2021-03-06T18:24:41.903Z] >>> HTTP REQUEST GET https://cloudfunctions.googleapis.com/v1/projects/read50/locations/-/functions  
 
[debug] [2021-03-06T18:24:43.445Z] <<< HTTP RESPONSE 200 {"content-type":"application/json; charset=UTF-8","vary":"X-Origin, Referer, Origin,Accept-Encoding","date":"Sat, 06 Mar 2021 18:24:42 GMT","server":"ESF","cache-control":"private","x-xss-protection":"0","x-frame-options":"SAMEORIGIN","x-content-type-options":"nosniff","alt-svc":"h3-29=\":443\"; ma=2592000,h3-T051=\":443\"; ma=2592000,h3-Q050=\":443\"; ma=2592000,h3-Q046=\":443\"; ma=2592000,h3-Q043=\":443\"; ma=2592000,quic=\":443\"; ma=2592000; v=\"46,43\"","accept-ranges":"none","transfer-encoding":"chunked"}
[debug] [2021-03-06T18:24:43.446Z] >>> HTTP REQUEST POST https://cloudfunctions.googleapis.com/v1/projects/read50/locations/us-central1/functions:generateUploadUrl  
 
[debug] [2021-03-06T18:24:44.898Z] <<< HTTP RESPONSE 200 {"content-type":"application/json; charset=UTF-8","vary":"X-Origin, Referer, Origin,Accept-Encoding","date":"Sat, 06 Mar 2021 18:24:43 GMT","server":"ESF","cache-control":"private","x-xss-protection":"0","x-frame-options":"SAMEORIGIN","x-content-type-options":"nosniff","alt-svc":"h3-29=\":443\"; ma=2592000,h3-T051=\":443\"; ma=2592000,h3-Q050=\":443\"; ma=2592000,h3-Q046=\":443\"; ma=2592000,h3-Q043=\":443\"; ma=2592000,quic=\":443\"; ma=2592000; v=\"46,43\"","accept-ranges":"none","transfer-encoding":"chunked"}
[debug] [2021-03-06T18:24:44.898Z] >>> HTTP REQUEST PUT https://storage.googleapis.com/gcf-upload-us-central1-16509980-8046-4c9c-91ed-0732fffe204a/888ad10d-c0f7-4d23-9071-408ed09195f6.zip?GoogleAccessId=service-436930574086@gcf-admin-robot.iam.gserviceaccount.com&Expires=1615056883&Signature=VImzvU2QPIuukvfu70Yga6lhE7AAnBqcBAerpTQpfvdjuftPBxF%2BzovJvbTKF1mnb%2FkPuc1GMQGMK3nucNy9iwspGlgaqjbEXT7o8OlcV17br7eaeVcZ7Mx2nFWiOhqrK%2Bfj8TWEDs0cG25CuP%2FCVIYRID6W8jsn%2Fzkwhvy3k%2BPSZAneqtJqOMUXHY7wQp7fVyMQ5MuWpKgrfQrWk%2FgG7H7WQH7bCbUDUBTsCYHoB9V6YZxq3lrs99z2wG65%2FH%2F1EXTsamgddNLpq8PmYDryDWP0ksfetM%2BvUkfWrVbxFai63HtCaK1I2%2FLaWr15f8X4JDIUbymmWYZtbfh5flJxvA%3D%3D  
 <request body omitted>
[debug] [2021-03-06T18:24:46.223Z] <<< HTTP RESPONSE 200 {"x-guploader-uploadid":"ABg5-UwUWpX2LXen75jQ_K-Z85tMMf4RogdLiIPh3EPpjVxtP_Dd5sDEODq30riYWphXaHEuVCIaJUxj4bJduCQrHpU","etag":"\"f7ed7339f5508ece6689d483d2241419\"","x-goog-generation":"1615055085420500","x-goog-metageneration":"1","x-goog-hash":"crc32c=3sSaHg==, md5=9+1zOfVQjs5midSD0iQUGQ==","x-goog-stored-content-length":"30159","x-goog-stored-content-encoding":"identity","vary":"Origin","content-length":"0","date":"Sat, 06 Mar 2021 18:24:45 GMT","server":"UploadServer","content-type":"text/html; charset=UTF-8","alt-svc":"h3-29=\":443\"; ma=2592000,h3-T051=\":443\"; ma=2592000,h3-Q050=\":443\"; ma=2592000,h3-Q046=\":443\"; ma=2592000,h3-Q043=\":443\"; ma=2592000,quic=\":443\"; ma=2592000; v=\"46,43\""}
[info] +  functions: functions folder uploaded successfully 
[info] i  hosting[read50]: beginning deploy... 
[info] i  hosting[read50]: found 20 files in client/build 
[debug] [2021-03-06T18:24:46.235Z] > refreshing access token with scopes: []
[debug] [2021-03-06T18:24:46.236Z] >>> HTTP REQUEST POST https://www.googleapis.com/oauth2/v3/token  
 <request body omitted>
[debug] [2021-03-06T18:24:46.237Z] [hosting] hash cache [Y2xpZW50XGJ1aWxk] stored for 20 files
[debug] [2021-03-06T18:24:46.237Z] [hosting][hash queue][FINAL] {"max":1,"min":0,"avg":0,"active":0,"complete":20,"success":20,"errored":0,"retried":0,"total":20,"elapsed":4}
[debug] [2021-03-06T18:24:47.413Z] <<< HTTP RESPONSE 200 {"pragma":"no-cache","expires":"Mon, 01 Jan 1990 00:00:00 GMT","cache-control":"no-cache, no-store, max-age=0, must-revalidate","date":"Sat, 06 Mar 2021 18:24:46 GMT","content-type":"application/json; charset=utf-8","vary":"X-Origin, Referer, Origin,Accept-Encoding","server":"scaffolding on HTTPServer2","x-xss-protection":"0","x-frame-options":"SAMEORIGIN","x-content-type-options":"nosniff","alt-svc":"h3-29=\":443\"; ma=2592000,h3-T051=\":443\"; ma=2592000,h3-Q050=\":443\"; ma=2592000,h3-Q046=\":443\"; ma=2592000,h3-Q043=\":443\"; ma=2592000,quic=\":443\"; ma=2592000; v=\"46,43\"","accept-ranges":"none","transfer-encoding":"chunked"}
[debug] [2021-03-06T18:24:47.417Z] >>> [apiv2][query] POST https://firebasehosting.googleapis.com/v1beta1/sites/read50/versions/5bdc4496d3a2e7ee:populateFiles [none]
[debug] [2021-03-06T18:24:47.418Z] >>> [apiv2][body] POST https://firebasehosting.googleapis.com/v1beta1/sites/read50/versions/5bdc4496d3a2e7ee:populateFiles {"files":{"/asset-manifest.json":"2dfe6663320d6fd07b3043fe123ebcb93835d21bae5344a8b8ad3955a4f0f0c0","/book.png":"3d17d4d75b666819391617e4d38ac52863760a3ea2b6c0c5a6725085938e70b2","/icon.png":"7cb4ec67e1e056da897c51ece81d5533eafab8676d4ec9e8e0f986a50f45335f","/index.html":"a96f90833ee49554aae5caef117635cee39caebed71711add665791d9f9b124a","/static/css/2.150d169a.chunk.css":"8178eaba0159129cb6776562578334e1993e85633525ea5d0eae441d3042a92e","/static/css/2.150d169a.chunk.css.map":"391a43f41473c0cdd8a9158e7af9e70b838832ca4ecb332c89a4fe50211c8d74","/static/css/main.d9050d5d.chunk.css":"e8ab65a3efb5c037f7652237fafb5d344b26ef72184947acc354482eab5eae3e","/static/css/main.d9050d5d.chunk.css.map":"c6ecf0db590125d2af4b6b7c44ff5cce1e6e0003c122c0abcc6b1b7c9fe030c1","/static/js/2.6b0aee88.chunk.js":"ce9a16cc9553bebf3d85ab128618169cdb1229837270862287bd84756562cf8e","/static/js/2.6b0aee88.chunk.js.LICENSE.txt":"7172c7ce8106f91e3eec2e966f00fb3f5bb7a76db7b057a4051c67afeb3125d5","/static/js/2.6b0aee88.chunk.js.map":"4594ea908bb596fd6257fcc9e12253c5446fe1fe07ba54c71b9e76c89b767cf8","/static/js/3.60141c02.chunk.js":"882bc51efba80e516d77d07439338d9e8a1df41798fb479c80d33fc0f0009a90","/static/js/3.60141c02.chunk.js.map":"aa550c27f3b7c5bdd295c278e49b1871b3b78cd9f710a3358a477b0de4b46cc2","/static/js/main.f65db8da.chunk.js":"5d9fbd1747105e9456839bedce10aa74929b38b2c47b5c5d0a0851c892769712","/static/js/main.f65db8da.chunk.js.map":"3db973c7dfbcdc5b33933b2d1153367c127d7a819621acec96627c20b65d1da1","/static/js/runtime-main.48fd6638.js":"fadfca341593a7be628f2d840d463a385ef3895a05180dcae4e4f0a1c3a48430","/static/js/runtime-main.48fd6638.js.map":"a2c02d7d3fccd878b608c37640325c02e347273f9de1560022c28dd0daf4fb51","/static/media/amazon_logo.4e278f07.png":"4fc80d578d9e800d41e1daf44ffc22d0cc21b8af55efc3c54aa781dec63a28a5","/static/media/clubs.aca3c32b.png":"d5672e53bff34e0ce199b43ba7afcc8eabeaed68a90b18dab22742ee32b86c51","/static/media/wikipedia.af95548b.png":"66957df3b1a8877bbc034934c6bd575368fe4f32c3d206982f85781ab5b7ebe6"}}
[debug] [2021-03-06T18:24:48.350Z] <<< [apiv2][status] POST https://firebasehosting.googleapis.com/v1beta1/sites/read50/versions/5bdc4496d3a2e7ee:populateFiles 200
[debug] [2021-03-06T18:24:48.350Z] <<< [apiv2][body] POST https://firebasehosting.googleapis.com/v1beta1/sites/read50/versions/5bdc4496d3a2e7ee:populateFiles {"uploadUrl":"https://upload-firebasehosting.googleapis.com/upload/sites/read50/versions/5bdc4496d3a2e7ee/files"}
[debug] [2021-03-06T18:24:48.350Z] [hosting][populate queue][FINAL] {"max":2115,"min":2115,"avg":2115,"active":0,"complete":1,"success":1,"errored":0,"retried":0,"total":1,"elapsed":2115}
[debug] [2021-03-06T18:24:48.350Z] [hosting] uploads queued: 0
[debug] [2021-03-06T18:24:48.350Z] [hosting][upload queue][FINAL] {"max":0,"min":9999999999,"avg":0,"active":0,"complete":0,"success":0,"errored":0,"retried":0,"total":0,"elapsed":1615055088350}
[info] +  hosting[read50]: file upload complete 
[debug] [2021-03-06T18:24:48.351Z] [hosting] deploy completed after 2127ms
[info] i  functions: updating Node.js 12 function app(us-central1)... 
[debug] [2021-03-06T18:24:49.136Z] Trigger is:  {"httpsTrigger":{}}
[debug] [2021-03-06T18:24:49.137Z] > refreshing access token with scopes: ["email","https://www.googleapis.com/auth/cloud-platform","https://www.googleapis.com/auth/cloudplatformprojects.readonly","https://www.googleapis.com/auth/firebase","openid"]
[debug] [2021-03-06T18:24:49.137Z] >>> HTTP REQUEST POST https://www.googleapis.com/oauth2/v3/token  
 <request body omitted>
[debug] [2021-03-06T18:24:49.311Z] <<< HTTP RESPONSE 200 {"pragma":"no-cache","expires":"Mon, 01 Jan 1990 00:00:00 GMT","cache-control":"no-cache, no-store, max-age=0, must-revalidate","date":"Sat, 06 Mar 2021 18:24:48 GMT","content-type":"application/json; charset=utf-8","vary":"X-Origin, Referer, Origin,Accept-Encoding","server":"scaffolding on HTTPServer2","x-xss-protection":"0","x-frame-options":"SAMEORIGIN","x-content-type-options":"nosniff","alt-svc":"h3-29=\":443\"; ma=2592000,h3-T051=\":443\"; ma=2592000,h3-Q050=\":443\"; ma=2592000,h3-Q046=\":443\"; ma=2592000,h3-Q043=\":443\"; ma=2592000,quic=\":443\"; ma=2592000; v=\"46,43\"","accept-ranges":"none","transfer-encoding":"chunked"}
[debug] [2021-03-06T18:24:49.315Z] >>> HTTP REQUEST PATCH https://cloudfunctions.googleapis.com/v1/projects/read50/locations/us-central1/functions/app {"updateMask":"sourceUploadUrl,name,labels,runtime,environmentVariables,httpsTrigger"} 
 {"sourceUploadUrl":"https://storage.googleapis.com/gcf-upload-us-central1-16509980-8046-4c9c-91ed-0732fffe204a/888ad10d-c0f7-4d23-9071-408ed09195f6.zip?GoogleAccessId=service-436930574086@gcf-admin-robot.iam.gserviceaccount.com&Expires=1615056883&Signature=VImzvU2QPIuukvfu70Yga6lhE7AAnBqcBAerpTQpfvdjuftPBxF%2BzovJvbTKF1mnb%2FkPuc1GMQGMK3nucNy9iwspGlgaqjbEXT7o8OlcV17br7eaeVcZ7Mx2nFWiOhqrK%2Bfj8TWEDs0cG25CuP%2FCVIYRID6W8jsn%2Fzkwhvy3k%2BPSZAneqtJqOMUXHY7wQp7fVyMQ5MuWpKgrfQrWk%2FgG7H7WQH7bCbUDUBTsCYHoB9V6YZxq3lrs99z2wG65%2FH%2F1EXTsamgddNLpq8PmYDryDWP0ksfetM%2BvUkfWrVbxFai63HtCaK1I2%2FLaWr15f8X4JDIUbymmWYZtbfh5flJxvA%3D%3D","name":"projects/read50/locations/us-central1/functions/app","labels":{"deployment-tool":"cli-firebase"},"httpsTrigger":{},"runtime":"nodejs12","environmentVariables":{"FIREBASE_CONFIG":"{\"projectId\":\"read50\",\"storageBucket\":\"read50.appspot.com\"}"}}
[debug] [2021-03-06T18:24:50.061Z] <<< HTTP RESPONSE 200 {"content-type":"application/json; charset=UTF-8","vary":"X-Origin, Referer, Origin,Accept-Encoding","date":"Sat, 06 Mar 2021 18:24:49 GMT","server":"ESF","cache-control":"private","x-xss-protection":"0","x-frame-options":"SAMEORIGIN","x-content-type-options":"nosniff","alt-svc":"h3-29=\":443\"; ma=2592000,h3-T051=\":443\"; ma=2592000,h3-Q050=\":443\"; ma=2592000,h3-Q046=\":443\"; ma=2592000,h3-Q043=\":443\"; ma=2592000,quic=\":443\"; ma=2592000; v=\"46,43\"","accept-ranges":"none","transfer-encoding":"chunked"}
[debug] [2021-03-06T18:24:50.062Z] >>> HTTP REQUEST GET https://cloudfunctions.googleapis.com/v1/projects/read50/locations/-/functions  
 
[debug] [2021-03-06T18:24:50.605Z] <<< HTTP RESPONSE 200 {"content-type":"application/json; charset=UTF-8","vary":"X-Origin, Referer, Origin,Accept-Encoding","date":"Sat, 06 Mar 2021 18:24:49 GMT","server":"ESF","cache-control":"private","x-xss-protection":"0","x-frame-options":"SAMEORIGIN","x-content-type-options":"nosniff","alt-svc":"h3-29=\":443\"; ma=2592000,h3-T051=\":443\"; ma=2592000,h3-Q050=\":443\"; ma=2592000,h3-Q046=\":443\"; ma=2592000,h3-Q043=\":443\"; ma=2592000,quic=\":443\"; ma=2592000; v=\"46,43\"","accept-ranges":"none","transfer-encoding":"chunked"}
[debug] [2021-03-06T18:24:50.606Z] >>> HTTP REQUEST GET https://cloudfunctions.googleapis.com/v1/operations/cmVhZDUwL3VzLWNlbnRyYWwxL2FwcC9zV3Rod1o1elk3OA  
 
[debug] [2021-03-06T18:24:50.847Z] <<< HTTP RESPONSE 200 {"content-type":"application/json; charset=UTF-8","vary":"X-Origin, Referer, Origin,Accept-Encoding","date":"Sat, 06 Mar 2021 18:24:50 GMT","server":"ESF","cache-control":"private","x-xss-protection":"0","x-frame-options":"SAMEORIGIN","x-content-type-options":"nosniff","alt-svc":"h3-29=\":443\"; ma=2592000,h3-T051=\":443\"; ma=2592000,h3-Q050=\":443\"; ma=2592000,h3-Q046=\":443\"; ma=2592000,h3-Q043=\":443\"; ma=2592000,quic=\":443\"; ma=2592000; v=\"46,43\"","accept-ranges":"none","transfer-encoding":"chunked"}
[debug] [2021-03-06T18:24:52.847Z] >>> HTTP REQUEST GET https://cloudfunctions.googleapis.com/v1/operations/cmVhZDUwL3VzLWNlbnRyYWwxL2FwcC9zV3Rod1o1elk3OA  
 
[debug] [2021-03-06T18:24:53.062Z] <<< HTTP RESPONSE 200 {"content-type":"application/json; charset=UTF-8","vary":"X-Origin, Referer, Origin,Accept-Encoding","date":"Sat, 06 Mar 2021 18:24:52 GMT","server":"ESF","cache-control":"private","x-xss-protection":"0","x-frame-options":"SAMEORIGIN","x-content-type-options":"nosniff","alt-svc":"h3-29=\":443\"; ma=2592000,h3-T051=\":443\"; ma=2592000,h3-Q050=\":443\"; ma=2592000,h3-Q046=\":443\"; ma=2592000,h3-Q043=\":443\"; ma=2592000,quic=\":443\"; ma=2592000; v=\"46,43\"","accept-ranges":"none","transfer-encoding":"chunked"}
[debug] [2021-03-06T18:24:55.063Z] >>> HTTP REQUEST GET https://cloudfunctions.googleapis.com/v1/operations/cmVhZDUwL3VzLWNlbnRyYWwxL2FwcC9zV3Rod1o1elk3OA  
 
[debug] [2021-03-06T18:24:55.308Z] <<< HTTP RESPONSE 200 {"content-type":"application/json; charset=UTF-8","vary":"X-Origin, Referer, Origin,Accept-Encoding","date":"Sat, 06 Mar 2021 18:24:54 GMT","server":"ESF","cache-control":"private","x-xss-protection":"0","x-frame-options":"SAMEORIGIN","x-content-type-options":"nosniff","alt-svc":"h3-29=\":443\"; ma=2592000,h3-T051=\":443\"; ma=2592000,h3-Q050=\":443\"; ma=2592000,h3-Q046=\":443\"; ma=2592000,h3-Q043=\":443\"; ma=2592000,quic=\":443\"; ma=2592000; v=\"46,43\"","accept-ranges":"none","transfer-encoding":"chunked"}
[debug] [2021-03-06T18:24:57.309Z] >>> HTTP REQUEST GET https://cloudfunctions.googleapis.com/v1/operations/cmVhZDUwL3VzLWNlbnRyYWwxL2FwcC9zV3Rod1o1elk3OA  
 
[debug] [2021-03-06T18:24:57.541Z] <<< HTTP RESPONSE 200 {"content-type":"application/json; charset=UTF-8","vary":"X-Origin, Referer, Origin,Accept-Encoding","date":"Sat, 06 Mar 2021 18:24:56 GMT","server":"ESF","cache-control":"private","x-xss-protection":"0","x-frame-options":"SAMEORIGIN","x-content-type-options":"nosniff","alt-svc":"h3-29=\":443\"; ma=2592000,h3-T051=\":443\"; ma=2592000,h3-Q050=\":443\"; ma=2592000,h3-Q046=\":443\"; ma=2592000,h3-Q043=\":443\"; ma=2592000,quic=\":443\"; ma=2592000; v=\"46,43\"","accept-ranges":"none","transfer-encoding":"chunked"}
[debug] [2021-03-06T18:24:59.543Z] >>> HTTP REQUEST GET https://cloudfunctions.googleapis.com/v1/operations/cmVhZDUwL3VzLWNlbnRyYWwxL2FwcC9zV3Rod1o1elk3OA  
 
[debug] [2021-03-06T18:24:59.788Z] <<< HTTP RESPONSE 200 {"content-type":"application/json; charset=UTF-8","vary":"X-Origin, Referer, Origin,Accept-Encoding","date":"Sat, 06 Mar 2021 18:24:59 GMT","server":"ESF","cache-control":"private","x-xss-protection":"0","x-frame-options":"SAMEORIGIN","x-content-type-options":"nosniff","alt-svc":"h3-29=\":443\"; ma=2592000,h3-T051=\":443\"; ma=2592000,h3-Q050=\":443\"; ma=2592000,h3-Q046=\":443\"; ma=2592000,h3-Q043=\":443\"; ma=2592000,quic=\":443\"; ma=2592000; v=\"46,43\"","accept-ranges":"none","transfer-encoding":"chunked"}
[debug] [2021-03-06T18:25:01.788Z] >>> HTTP REQUEST GET https://cloudfunctions.googleapis.com/v1/operations/cmVhZDUwL3VzLWNlbnRyYWwxL2FwcC9zV3Rod1o1elk3OA  
 
[debug] [2021-03-06T18:25:02.007Z] <<< HTTP RESPONSE 200 {"content-type":"application/json; charset=UTF-8","vary":"X-Origin, Referer, Origin,Accept-Encoding","date":"Sat, 06 Mar 2021 18:25:01 GMT","server":"ESF","cache-control":"private","x-xss-protection":"0","x-frame-options":"SAMEORIGIN","x-content-type-options":"nosniff","alt-svc":"h3-29=\":443\"; ma=2592000,h3-T051=\":443\"; ma=2592000,h3-Q050=\":443\"; ma=2592000,h3-Q046=\":443\"; ma=2592000,h3-Q043=\":443\"; ma=2592000,quic=\":443\"; ma=2592000; v=\"46,43\"","accept-ranges":"none","transfer-encoding":"chunked"}
[debug] [2021-03-06T18:25:04.009Z] >>> HTTP REQUEST GET https://cloudfunctions.googleapis.com/v1/operations/cmVhZDUwL3VzLWNlbnRyYWwxL2FwcC9zV3Rod1o1elk3OA  
 
[debug] [2021-03-06T18:25:04.234Z] <<< HTTP RESPONSE 200 {"content-type":"application/json; charset=UTF-8","vary":"X-Origin, Referer, Origin,Accept-Encoding","date":"Sat, 06 Mar 2021 18:25:03 GMT","server":"ESF","cache-control":"private","x-xss-protection":"0","x-frame-options":"SAMEORIGIN","x-content-type-options":"nosniff","alt-svc":"h3-29=\":443\"; ma=2592000,h3-T051=\":443\"; ma=2592000,h3-Q050=\":443\"; ma=2592000,h3-Q046=\":443\"; ma=2592000,h3-Q043=\":443\"; ma=2592000,quic=\":443\"; ma=2592000; v=\"46,43\"","accept-ranges":"none","transfer-encoding":"chunked"}
[debug] [2021-03-06T18:25:06.235Z] >>> HTTP REQUEST GET https://cloudfunctions.googleapis.com/v1/operations/cmVhZDUwL3VzLWNlbnRyYWwxL2FwcC9zV3Rod1o1elk3OA  
 
[debug] [2021-03-06T18:25:06.484Z] <<< HTTP RESPONSE 200 {"content-type":"application/json; charset=UTF-8","vary":"X-Origin, Referer, Origin,Accept-Encoding","date":"Sat, 06 Mar 2021 18:25:05 GMT","server":"ESF","cache-control":"private","x-xss-protection":"0","x-frame-options":"SAMEORIGIN","x-content-type-options":"nosniff","alt-svc":"h3-29=\":443\"; ma=2592000,h3-T051=\":443\"; ma=2592000,h3-Q050=\":443\"; ma=2592000,h3-Q046=\":443\"; ma=2592000,h3-Q043=\":443\"; ma=2592000,quic=\":443\"; ma=2592000; v=\"46,43\"","accept-ranges":"none","transfer-encoding":"chunked"}
[debug] [2021-03-06T18:25:08.483Z] >>> HTTP REQUEST GET https://cloudfunctions.googleapis.com/v1/operations/cmVhZDUwL3VzLWNlbnRyYWwxL2FwcC9zV3Rod1o1elk3OA  
 
[debug] [2021-03-06T18:25:08.696Z] <<< HTTP RESPONSE 200 {"content-type":"application/json; charset=UTF-8","vary":"X-Origin, Referer, Origin,Accept-Encoding","date":"Sat, 06 Mar 2021 18:25:07 GMT","server":"ESF","cache-control":"private","x-xss-protection":"0","x-frame-options":"SAMEORIGIN","x-content-type-options":"nosniff","alt-svc":"h3-29=\":443\"; ma=2592000,h3-T051=\":443\"; ma=2592000,h3-Q050=\":443\"; ma=2592000,h3-Q046=\":443\"; ma=2592000,h3-Q043=\":443\"; ma=2592000,quic=\":443\"; ma=2592000; v=\"46,43\"","accept-ranges":"none","transfer-encoding":"chunked"}
[debug] [2021-03-06T18:25:10.697Z] >>> HTTP REQUEST GET https://cloudfunctions.googleapis.com/v1/operations/cmVhZDUwL3VzLWNlbnRyYWwxL2FwcC9zV3Rod1o1elk3OA  
 
[debug] [2021-03-06T18:25:10.909Z] <<< HTTP RESPONSE 200 {"content-type":"application/json; charset=UTF-8","vary":"X-Origin, Referer, Origin,Accept-Encoding","date":"Sat, 06 Mar 2021 18:25:10 GMT","server":"ESF","cache-control":"private","x-xss-protection":"0","x-frame-options":"SAMEORIGIN","x-content-type-options":"nosniff","alt-svc":"h3-29=\":443\"; ma=2592000,h3-T051=\":443\"; ma=2592000,h3-Q050=\":443\"; ma=2592000,h3-Q046=\":443\"; ma=2592000,h3-Q043=\":443\"; ma=2592000,quic=\":443\"; ma=2592000; v=\"46,43\"","accept-ranges":"none","transfer-encoding":"chunked"}
[debug] [2021-03-06T18:25:12.909Z] >>> HTTP REQUEST GET https://cloudfunctions.googleapis.com/v1/operations/cmVhZDUwL3VzLWNlbnRyYWwxL2FwcC9zV3Rod1o1elk3OA  
 
[debug] [2021-03-06T18:25:13.140Z] <<< HTTP RESPONSE 200 {"content-type":"application/json; charset=UTF-8","vary":"X-Origin, Referer, Origin,Accept-Encoding","date":"Sat, 06 Mar 2021 18:25:12 GMT","server":"ESF","cache-control":"private","x-xss-protection":"0","x-frame-options":"SAMEORIGIN","x-content-type-options":"nosniff","alt-svc":"h3-29=\":443\"; ma=2592000,h3-T051=\":443\"; ma=2592000,h3-Q050=\":443\"; ma=2592000,h3-Q046=\":443\"; ma=2592000,h3-Q043=\":443\"; ma=2592000,quic=\":443\"; ma=2592000; v=\"46,43\"","accept-ranges":"none","transfer-encoding":"chunked"}
[debug] [2021-03-06T18:25:15.141Z] >>> HTTP REQUEST GET https://cloudfunctions.googleapis.com/v1/operations/cmVhZDUwL3VzLWNlbnRyYWwxL2FwcC9zV3Rod1o1elk3OA  
 
[debug] [2021-03-06T18:25:15.358Z] <<< HTTP RESPONSE 200 {"content-type":"application/json; charset=UTF-8","vary":"X-Origin, Referer, Origin,Accept-Encoding","date":"Sat, 06 Mar 2021 18:25:14 GMT","server":"ESF","cache-control":"private","x-xss-protection":"0","x-frame-options":"SAMEORIGIN","x-content-type-options":"nosniff","alt-svc":"h3-29=\":443\"; ma=2592000,h3-T051=\":443\"; ma=2592000,h3-Q050=\":443\"; ma=2592000,h3-Q046=\":443\"; ma=2592000,h3-Q043=\":443\"; ma=2592000,quic=\":443\"; ma=2592000; v=\"46,43\"","accept-ranges":"none","transfer-encoding":"chunked"}
